2021-09-07 11:56:01 INFO  Loop Output:8 - For Loop output starts here ...
2021-09-07 11:56:01 INFO  Loop Output:13 - The Even Number :20
2021-09-07 11:56:01 INFO  Loop Output:13 - The Even Number :22
2021-09-07 11:56:01 INFO  Loop Output:13 - The Even Number :24
2021-09-07 11:56:01 INFO  Loop Output:13 - The Even Number :26
2021-09-07 11:56:01 INFO  Loop Output:13 - The Even Number :28
2021-09-07 11:56:01 INFO  Loop Output:13 - The Even Number :30
2021-09-07 11:56:01 INFO  Loop Output:13 - The Even Number :32
2021-09-07 11:56:01 INFO  Loop Output:13 - The Even Number :34
2021-09-07 11:56:01 INFO  Loop Output:13 - The Even Number :36
2021-09-07 11:56:01 INFO  Loop Output:13 - The Even Number :38
2021-09-07 11:56:01 INFO  Loop Output:13 - The Even Number :40
2021-09-07 11:56:01 INFO  Loop Output:16 - For Loop output ends here ...
2021-09-07 11:57:29 INFO  Loop Output:8 - For Loop output starts here ...
2021-09-07 11:57:29 INFO  Loop Output:13 - The Even Number :20
2021-09-07 11:57:29 INFO  Loop Output:13 - The Even Number :22
2021-09-07 11:57:29 INFO  Loop Output:13 - The Even Number :24
2021-09-07 11:57:29 INFO  Loop Output:13 - The Even Number :26
2021-09-07 11:57:29 INFO  Loop Output:13 - The Even Number :28
2021-09-07 11:57:29 INFO  Loop Output:13 - The Even Number :30
2021-09-07 11:57:29 INFO  Loop Output:13 - The Even Number :32
2021-09-07 11:57:29 INFO  Loop Output:13 - The Even Number :34
2021-09-07 11:57:29 INFO  Loop Output:13 - The Even Number :36
2021-09-07 11:57:29 INFO  Loop Output:13 - The Even Number :38
2021-09-07 11:57:29 INFO  Loop Output:13 - The Even Number :40
2021-09-07 11:57:29 INFO  Loop Output:16 - For Loop output ends here ...
2021-09-07 11:57:32 INFO  Loop Output:8 - For Loop output starts here ...
2021-09-07 11:57:32 INFO  Loop Output:13 - The Even Number :20
2021-09-07 11:57:32 INFO  Loop Output:13 - The Even Number :22
2021-09-07 11:57:32 INFO  Loop Output:13 - The Even Number :24
2021-09-07 11:57:32 INFO  Loop Output:13 - The Even Number :26
2021-09-07 11:57:32 INFO  Loop Output:13 - The Even Number :28
2021-09-07 11:57:32 INFO  Loop Output:13 - The Even Number :30
2021-09-07 11:57:32 INFO  Loop Output:13 - The Even Number :32
2021-09-07 11:57:32 INFO  Loop Output:13 - The Even Number :34
2021-09-07 11:57:32 INFO  Loop Output:13 - The Even Number :36
2021-09-07 11:57:32 INFO  Loop Output:13 - The Even Number :38
2021-09-07 11:57:32 INFO  Loop Output:13 - The Even Number :40
2021-09-07 11:57:32 INFO  Loop Output:16 - For Loop output ends here ...
2021-09-07 11:57:39 INFO  Loop Output:8 - For Loop output starts here ...
2021-09-07 11:57:39 INFO  Loop Output:13 - The Even Number :20
2021-09-07 11:57:39 INFO  Loop Output:13 - The Even Number :22
2021-09-07 11:57:39 INFO  Loop Output:13 - The Even Number :24
2021-09-07 11:57:39 INFO  Loop Output:13 - The Even Number :26
2021-09-07 11:57:39 INFO  Loop Output:13 - The Even Number :28
2021-09-07 11:57:39 INFO  Loop Output:13 - The Even Number :30
2021-09-07 11:57:39 INFO  Loop Output:13 - The Even Number :32
2021-09-07 11:57:39 INFO  Loop Output:13 - The Even Number :34
2021-09-07 11:57:39 INFO  Loop Output:13 - The Even Number :36
2021-09-07 11:57:39 INFO  Loop Output:13 - The Even Number :38
2021-09-07 11:57:39 INFO  Loop Output:13 - The Even Number :40
2021-09-07 11:57:39 INFO  Loop Output:16 - For Loop output ends here ...
2021-09-07 11:57:42 INFO  Loop Output:8 - For Loop output starts here ...
2021-09-07 11:57:42 INFO  Loop Output:13 - The Even Number :20
2021-09-07 11:57:42 INFO  Loop Output:13 - The Even Number :22
2021-09-07 11:57:42 INFO  Loop Output:13 - The Even Number :24
2021-09-07 11:57:42 INFO  Loop Output:13 - The Even Number :26
2021-09-07 11:57:42 INFO  Loop Output:13 - The Even Number :28
2021-09-07 11:57:42 INFO  Loop Output:13 - The Even Number :30
2021-09-07 11:57:42 INFO  Loop Output:13 - The Even Number :32
2021-09-07 11:57:42 INFO  Loop Output:13 - The Even Number :34
2021-09-07 11:57:42 INFO  Loop Output:13 - The Even Number :36
2021-09-07 11:57:42 INFO  Loop Output:13 - The Even Number :38
2021-09-07 11:57:42 INFO  Loop Output:13 - The Even Number :40
2021-09-07 11:57:42 INFO  Loop Output:16 - For Loop output ends here ...
2021-09-07 11:58:02 INFO  Loop Output:8 - For Loop output starts here ...
2021-09-07 11:58:02 INFO  Loop Output:13 - The Even Number :20
2021-09-07 11:58:02 INFO  Loop Output:13 - The Even Number :22
2021-09-07 11:58:02 INFO  Loop Output:13 - The Even Number :24
2021-09-07 11:58:02 INFO  Loop Output:13 - The Even Number :26
2021-09-07 11:58:02 INFO  Loop Output:13 - The Even Number :28
2021-09-07 11:58:02 INFO  Loop Output:13 - The Even Number :30
2021-09-07 11:58:02 INFO  Loop Output:13 - The Even Number :32
2021-09-07 11:58:02 INFO  Loop Output:13 - The Even Number :34
2021-09-07 11:58:02 INFO  Loop Output:13 - The Even Number :36
2021-09-07 11:58:02 INFO  Loop Output:13 - The Even Number :38
2021-09-07 11:58:02 INFO  Loop Output:13 - The Even Number :40
2021-09-07 11:58:02 INFO  Loop Output:16 - For Loop output ends here ...
2021-09-16 18:01:58 INFO  Testng:22 - LaunchBrowser
2021-09-16 22:39:28 INFO  Testng:22 - launch browser
2021-09-16 22:39:33 INFO  Testng:37 - navigate page
